{"C:\\Users\\menav\\Documents\\github_Actions_UD5.1\\app.js":{"path":"C:\\Users\\menav\\Documents\\github_Actions_UD5.1\\app.js","statementMap":{"0":{"start":{"line":1,"column":16},"end":{"line":1,"column":34}},"1":{"start":{"line":2,"column":10},"end":{"line":2,"column":31}},"2":{"start":{"line":4,"column":16},"end":{"line":12,"column":1}},"3":{"start":{"line":16,"column":2},"end":{"line":16,"column":43}},"4":{"start":{"line":19,"column":12},"end":{"line":19,"column":21}},"5":{"start":{"line":21,"column":0},"end":{"line":37,"column":3}},"6":{"start":{"line":22,"column":2},"end":{"line":36,"column":3}},"7":{"start":{"line":23,"column":33},"end":{"line":23,"column":44}},"8":{"start":{"line":24,"column":4},"end":{"line":33,"column":7}},"9":{"start":{"line":35,"column":4},"end":{"line":35,"column":16}},"10":{"start":{"line":39,"column":0},"end":{"line":45,"column":3}},"11":{"start":{"line":40,"column":2},"end":{"line":44,"column":3}},"12":{"start":{"line":41,"column":4},"end":{"line":41,"column":34}},"13":{"start":{"line":43,"column":4},"end":{"line":43,"column":16}},"14":{"start":{"line":48,"column":0},"end":{"line":51,"column":3}},"15":{"start":{"line":49,"column":2},"end":{"line":49,"column":27}},"16":{"start":{"line":50,"column":2},"end":{"line":50,"column":48}},"17":{"start":{"line":53,"column":0},"end":{"line":53,"column":21}}},"fnMap":{"0":{"name":"getAnimal","decl":{"start":{"line":15,"column":9},"end":{"line":15,"column":18}},"loc":{"start":{"line":15,"column":21},"end":{"line":17,"column":1}},"line":15},"1":{"name":"(anonymous_1)","decl":{"start":{"line":21,"column":13},"end":{"line":21,"column":14}},"loc":{"start":{"line":21,"column":39},"end":{"line":37,"column":1}},"line":21},"2":{"name":"(anonymous_2)","decl":{"start":{"line":39,"column":16},"end":{"line":39,"column":17}},"loc":{"start":{"line":39,"column":42},"end":{"line":45,"column":1}},"line":39},"3":{"name":"(anonymous_3)","decl":{"start":{"line":48,"column":8},"end":{"line":48,"column":9}},"loc":{"start":{"line":48,"column":33},"end":{"line":51,"column":1}},"line":48}},"branchMap":{},"s":{"0":1,"1":1,"2":1,"3":2,"4":1,"5":1,"6":2,"7":2,"8":2,"9":0,"10":1,"11":2,"12":2,"13":0,"14":1,"15":0,"16":0,"17":1},"f":{"0":2,"1":2,"2":2,"3":0},"b":{},"_coverageSchema":"1a1c01bbd47fc00a2c39e90264f33305004495a9","hash":"38228835cb521fc44538bc880a0c8d796082e92b","contentHash":"168a8e9e276e755b2e6c3e6edb954ce791f439fd2ebdcaeb54492a126dc22df4"}}