{"C:\\Users\\menav\\Documents\\github_Actions_UD5.1\\app.js":{"path":"C:\\Users\\menav\\Documents\\github_Actions_UD5.1\\app.js","statementMap":{"0":{"start":{"line":1,"column":16},"end":{"line":1,"column":34}},"1":{"start":{"line":2,"column":10},"end":{"line":2,"column":31}},"2":{"start":{"line":5,"column":16},"end":{"line":14,"column":1}},"3":{"start":{"line":17,"column":2},"end":{"line":17,"column":43}},"4":{"start":{"line":20,"column":12},"end":{"line":20,"column":21}},"5":{"start":{"line":22,"column":0},"end":{"line":38,"column":3}},"6":{"start":{"line":23,"column":2},"end":{"line":37,"column":3}},"7":{"start":{"line":24,"column":33},"end":{"line":24,"column":44}},"8":{"start":{"line":25,"column":4},"end":{"line":34,"column":7}},"9":{"start":{"line":36,"column":4},"end":{"line":36,"column":16}},"10":{"start":{"line":40,"column":0},"end":{"line":46,"column":3}},"11":{"start":{"line":41,"column":2},"end":{"line":45,"column":3}},"12":{"start":{"line":42,"column":4},"end":{"line":42,"column":34}},"13":{"start":{"line":44,"column":4},"end":{"line":44,"column":16}},"14":{"start":{"line":49,"column":0},"end":{"line":52,"column":3}},"15":{"start":{"line":50,"column":2},"end":{"line":50,"column":27}},"16":{"start":{"line":51,"column":2},"end":{"line":51,"column":48}},"17":{"start":{"line":54,"column":0},"end":{"line":54,"column":21}}},"fnMap":{"0":{"name":"getAnimal","decl":{"start":{"line":16,"column":9},"end":{"line":16,"column":18}},"loc":{"start":{"line":16,"column":21},"end":{"line":18,"column":1}},"line":16},"1":{"name":"(anonymous_1)","decl":{"start":{"line":22,"column":13},"end":{"line":22,"column":14}},"loc":{"start":{"line":22,"column":39},"end":{"line":38,"column":1}},"line":22},"2":{"name":"(anonymous_2)","decl":{"start":{"line":40,"column":16},"end":{"line":40,"column":17}},"loc":{"start":{"line":40,"column":42},"end":{"line":46,"column":1}},"line":40},"3":{"name":"(anonymous_3)","decl":{"start":{"line":49,"column":8},"end":{"line":49,"column":9}},"loc":{"start":{"line":49,"column":33},"end":{"line":52,"column":1}},"line":49}},"branchMap":{},"s":{"0":1,"1":1,"2":1,"3":2,"4":1,"5":1,"6":2,"7":2,"8":2,"9":0,"10":1,"11":2,"12":2,"13":0,"14":1,"15":0,"16":0,"17":1},"f":{"0":2,"1":2,"2":2,"3":0},"b":{},"_coverageSchema":"1a1c01bbd47fc00a2c39e90264f33305004495a9","hash":"58dcc9bd104b5926f6555facb4db19147b37bc0a","contentHash":"65e87dcb355a48a0a340ba7b85478defd0eb8bdaa8530463557d37c6da1e9b2f"}}